<?xml version="1.0" encoding="UTF-8"?>
<testng-results ignored="0" total="1" passed="1" failed="0" skipped="0">
  <reporter-output>
  </reporter-output>
  <suite started-at="2026-02-20T11:56:30 IST" name="Default suite" finished-at="2026-02-20T11:56:44 IST" duration-ms="13585">
    <groups>
    </groups>
    <test started-at="2026-02-20T11:56:30 IST" name="Default test" finished-at="2026-02-20T11:56:44 IST" duration-ms="13585">
      <class name="Practise.pagination_testautomationpractise">
        <test-method signature="paginationtble()[pri:0, instance:Practise.pagination_testautomationpractise@1757cd72]" started-at="2026-02-20T11:56:30 IST" name="paginationtble" finished-at="2026-02-20T11:56:44 IST" duration-ms="13510" status="PASS">
          <reporter-output>
          </reporter-output>
        </test-method> <!-- paginationtble -->
      </class> <!-- Practise.pagination_testautomationpractise -->
    </test> <!-- Default test -->
  </suite> <!-- Default suite -->
</testng-results>
